
   ErrorException  : pcntl_alarm() has been disabled for security reasons

  at /www/wwwroot/center.vietelite.edu.vn/vendor/laravel/framework/src/Illuminate/Queue/Worker.php:173
    169|             $this->kill(1);
    170|         });
    171| 
    172|         pcntl_alarm(
  > 173|             max($this->timeoutForJob($job, $options), 0)
    174|         );
    175|     }
    176| 
    177|     /**

  Exception trace:

  1   pcntl_alarm("60")
      /www/wwwroot/center.vietelite.edu.vn/vendor/laravel/framework/src/Illuminate/Queue/Worker.php:173

  2   Illuminate\Queue\Worker::registerTimeoutHandler(Object(Illuminate\Queue\Jobs\DatabaseJob), Object(Illuminate\Queue\WorkerOptions))
      /www/wwwroot/center.vietelite.edu.vn/vendor/laravel/framework/src/Illuminate/Queue/Worker.php:127

  Please use the argument -v to see more details.
[2021-01-14 21:36:04][4] Processing: App\Jobs\SendEventNotify
[2021-01-14 21:36:05][4] Processed:  App\Jobs\SendEventNotify
[2021-01-15 12:30:01][5] Processing: App\Jobs\SendEventNotify
[2021-01-15 12:30:04][5] Processed:  App\Jobs\SendEventNotify
[2021-01-15 13:51:30][6] Processing: App\Jobs\SendEventNotify
[2021-01-15 13:51:31][6] Processed:  App\Jobs\SendEventNotify
[2021-01-15 14:30:08][7] Processing: App\Jobs\SendThht
[2021-01-15 14:30:08][7] Failed:     App\Jobs\SendThht
[2021-01-15 14:35:32][8] Processing: App\Jobs\SendThht
[2021-01-15 14:35:32][8] Failed:     App\Jobs\SendThht
[2021-01-15 14:41:47][9] Processing: App\Jobs\SendThht
[2021-01-15 14:41:47][9] Failed:     App\Jobs\SendThht
[2021-01-15 14:42:26][10] Processing: App\Jobs\SendThht
[2021-01-15 14:42:26][10] Failed:     App\Jobs\SendThht
[2021-01-15 14:44:17][11] Processing: App\Jobs\SendThht
[2021-01-15 14:44:17][11] Failed:     App\Jobs\SendThht
[2021-01-15 14:45:14][12] Processing: App\Jobs\SendThht
[2021-01-15 14:45:14][12] Failed:     App\Jobs\SendThht
[2021-01-15 14:45:48][13] Processing: App\Jobs\SendThht
[2021-01-15 14:45:48][13] Failed:     App\Jobs\SendThht
[2021-01-17 14:35:18][724] Processing: App\Jobs\SendThht
[2021-01-17 14:35:20][724] Processed:  App\Jobs\SendThht
[2021-01-17 14:35:26][725] Processing: App\Jobs\SendThht
[2021-01-17 14:35:27][725] Processed:  App\Jobs\SendThht
[2021-01-17 16:42:25][726] Processing: App\Jobs\SendThht
[2021-01-17 16:42:27][726] Processed:  App\Jobs\SendThht
[2021-01-17 16:42:27][727] Processing: App\Jobs\SendThht
[2021-01-17 16:42:28][727] Processed:  App\Jobs\SendThht
[2021-01-17 16:42:31][728] Processing: App\Jobs\SendThht
[2021-01-17 16:42:33][728] Processed:  App\Jobs\SendThht
[2021-01-17 16:42:42][729] Processing: App\Jobs\SendThht
[2021-01-17 16:42:43][729] Processed:  App\Jobs\SendThht
[2021-01-17 16:42:43][730] Processing: App\Jobs\SendThht
[2021-01-17 16:42:44][730] Processed:  App\Jobs\SendThht
[2021-01-17 16:42:47][731] Processing: App\Jobs\SendThht
[2021-01-17 16:42:50][731] Processed:  App\Jobs\SendThht
[2021-01-17 16:42:50][732] Processing: App\Jobs\SendThht
[2021-01-17 16:42:51][732] Processed:  App\Jobs\SendThht
[2021-01-17 16:42:57][733] Processing: App\Jobs\SendThht
[2021-01-17 16:42:59][733] Processed:  App\Jobs\SendThht
[2021-01-17 16:42:59][734] Processing: App\Jobs\SendThht
[2021-01-17 16:43:00][734] Processed:  App\Jobs\SendThht
[2021-01-17 16:43:03][735] Processing: App\Jobs\SendThht
[2021-01-17 16:43:04][735] Processed:  App\Jobs\SendThht
[2021-01-17 16:43:07][736] Processing: App\Jobs\SendThht
[2021-01-17 16:43:09][736] Processed:  App\Jobs\SendThht
[2021-01-17 16:43:15][737] Processing: App\Jobs\SendThht
[2021-01-17 16:43:16][737] Processed:  App\Jobs\SendThht
[2021-01-17 16:43:16][738] Processing: App\Jobs\SendThht
[2021-01-17 16:43:17][738] Processed:  App\Jobs\SendThht
[2021-01-17 16:43:20][739] Processing: App\Jobs\SendThht
[2021-01-17 16:43:21][739] Processed:  App\Jobs\SendThht
[2021-01-17 16:43:24][740] Processing: App\Jobs\SendThht
[2021-01-17 16:43:26][740] Processed:  App\Jobs\SendThht
[2021-01-17 16:43:29][741] Processing: App\Jobs\SendThht
[2021-01-17 16:43:30][741] Processed:  App\Jobs\SendThht
[2021-01-17 16:43:36][742] Processing: App\Jobs\SendThht
[2021-01-17 16:43:38][742] Processed:  App\Jobs\SendThht
[2021-01-17 16:43:38][743] Processing: App\Jobs\SendThht
[2021-01-17 16:43:39][743] Processed:  App\Jobs\SendThht
[2021-01-17 16:43:42][744] Processing: App\Jobs\SendThht
[2021-01-17 16:43:44][744] Processed:  App\Jobs\SendThht
[2021-01-17 16:43:47][745] Processing: App\Jobs\SendThht
[2021-01-17 16:43:54][745] Processed:  App\Jobs\SendThht
[2021-01-17 16:44:33][746] Processing: App\Jobs\SendThht
[2021-01-17 16:44:35][746] Processed:  App\Jobs\SendThht
[2021-01-17 17:09:54][747] Processing: App\Jobs\SendThht
[2021-01-17 17:09:59][747] Processed:  App\Jobs\SendThht
[2021-01-17 17:09:59][748] Processing: App\Jobs\SendThht
[2021-01-17 17:10:00][748] Processed:  App\Jobs\SendThht
[2021-01-17 17:10:00][749] Processing: App\Jobs\SendThht
[2021-01-17 17:10:02][749] Processed:  App\Jobs\SendThht
[2021-01-17 17:10:02][750] Processing: App\Jobs\SendThht
[2021-01-17 17:10:04][750] Processed:  App\Jobs\SendThht
[2021-01-17 17:10:04][751] Processing: App\Jobs\SendThht
[2021-01-17 17:10:06][751] Processed:  App\Jobs\SendThht
[2021-01-17 17:10:06][752] Processing: App\Jobs\SendThht
[2021-01-17 17:10:08][752] Processed:  App\Jobs\SendThht
[2021-01-17 17:10:08][753] Processing: App\Jobs\SendThht
[2021-01-17 17:10:09][753] Processed:  App\Jobs\SendThht
[2021-01-17 17:10:30][754] Processing: App\Jobs\SendThht
[2021-01-17 17:10:32][754] Processed:  App\Jobs\SendThht
[2021-01-17 17:10:35][755] Processing: App\Jobs\SendThht
[2021-01-17 17:10:36][755] Processed:  App\Jobs\SendThht
[2021-01-17 17:10:36][756] Processing: App\Jobs\SendThht
[2021-01-17 17:10:38][756] Processed:  App\Jobs\SendThht
[2021-01-17 17:10:38][757] Processing: App\Jobs\SendThht
[2021-01-17 17:10:40][757] Processed:  App\Jobs\SendThht
[2021-01-17 17:10:43][758] Processing: App\Jobs\SendThht
[2021-01-17 17:10:44][758] Processed:  App\Jobs\SendThht
[2021-01-17 17:10:44][759] Processing: App\Jobs\SendThht
[2021-01-17 17:10:45][759] Processed:  App\Jobs\SendThht
[2021-01-17 17:10:48][760] Processing: App\Jobs\SendThht
[2021-01-17 17:10:50][760] Processed:  App\Jobs\SendThht
[2021-01-17 17:10:53][761] Processing: App\Jobs\SendThht
[2021-01-17 17:10:54][761] Processed:  App\Jobs\SendThht
[2021-01-17 17:10:54][762] Processing: App\Jobs\SendThht
[2021-01-17 17:10:56][762] Processed:  App\Jobs\SendThht
[2021-01-17 17:10:59][763] Processing: App\Jobs\SendThht
[2021-01-17 17:11:00][763] Processed:  App\Jobs\SendThht
[2021-01-17 17:11:00][764] Processing: App\Jobs\SendThht
[2021-01-17 17:11:01][764] Processed:  App\Jobs\SendThht
[2021-01-17 17:11:05][765] Processing: App\Jobs\SendThht
[2021-01-17 17:11:06][765] Processed:  App\Jobs\SendThht
[2021-01-17 17:11:06][766] Processing: App\Jobs\SendThht
[2021-01-17 17:11:08][766] Processed:  App\Jobs\SendThht
[2021-01-17 17:11:08][767] Processing: App\Jobs\SendThht
[2021-01-17 17:11:09][767] Processed:  App\Jobs\SendThht
[2021-01-17 17:11:12][768] Processing: App\Jobs\SendThht
[2021-01-17 17:11:13][768] Processed:  App\Jobs\SendThht
[2021-01-17 17:22:20][769] Processing: App\Jobs\SendThht
[2021-01-17 17:22:22][769] Processed:  App\Jobs\SendThht
[2021-01-17 17:22:22][770] Processing: App\Jobs\SendThht
[2021-01-17 17:22:25][770] Processed:  App\Jobs\SendThht
[2021-01-17 17:22:25][771] Processing: App\Jobs\SendThht
[2021-01-17 17:22:27][771] Processed:  App\Jobs\SendThht
[2021-01-17 17:22:27][772] Processing: App\Jobs\SendThht
[2021-01-17 17:22:29][772] Processed:  App\Jobs\SendThht
[2021-01-17 17:22:32][773] Processing: App\Jobs\SendThht
[2021-01-17 17:22:33][773] Processed:  App\Jobs\SendThht
[2021-01-17 17:22:33][774] Processing: App\Jobs\SendThht
[2021-01-17 17:22:36][774] Processed:  App\Jobs\SendThht
[2021-01-17 17:22:36][775] Processing: App\Jobs\SendThht
[2021-01-17 17:22:38][775] Processed:  App\Jobs\SendThht
[2021-01-17 17:22:38][776] Processing: App\Jobs\SendThht
[2021-01-17 17:22:39][776] Processed:  App\Jobs\SendThht
[2021-01-17 17:22:39][777] Processing: App\Jobs\SendThht
[2021-01-17 17:22:40][777] Processed:  App\Jobs\SendThht
[2021-01-17 17:22:40][778] Processing: App\Jobs\SendThht
[2021-01-17 17:22:42][778] Processed:  App\Jobs\SendThht
[2021-01-17 17:22:42][779] Processing: App\Jobs\SendThht
[2021-01-17 17:22:43][779] Processed:  App\Jobs\SendThht
[2021-01-17 17:22:46][780] Processing: App\Jobs\SendThht
[2021-01-17 17:22:48][780] Processed:  App\Jobs\SendThht
[2021-01-17 17:22:48][781] Processing: App\Jobs\SendThht
[2021-01-17 17:22:50][781] Processed:  App\Jobs\SendThht
[2021-01-17 17:22:53][782] Processing: App\Jobs\SendThht
[2021-01-17 17:22:54][782] Processed:  App\Jobs\SendThht
[2021-01-17 17:34:36][783] Processing: App\Jobs\SendThht
[2021-01-17 17:34:38][783] Processed:  App\Jobs\SendThht
[2021-01-17 17:34:38][784] Processing: App\Jobs\SendThht
[2021-01-17 17:34:40][784] Processed:  App\Jobs\SendThht
[2021-01-17 17:34:43][785] Processing: App\Jobs\SendThht
[2021-01-17 17:34:44][785] Processed:  App\Jobs\SendThht
[2021-01-17 17:34:47][786] Processing: App\Jobs\SendThht
[2021-01-17 17:34:49][786] Processed:  App\Jobs\SendThht
[2021-01-17 17:34:49][787] Processing: App\Jobs\SendThht
[2021-01-17 17:34:51][787] Processed:  App\Jobs\SendThht
[2021-01-17 17:34:51][788] Processing: App\Jobs\SendThht
[2021-01-17 17:34:52][788] Processed:  App\Jobs\SendThht
[2021-01-17 17:34:52][789] Processing: App\Jobs\SendThht
[2021-01-17 17:34:54][789] Processed:  App\Jobs\SendThht
[2021-01-17 17:34:57][790] Processing: App\Jobs\SendThht
[2021-01-17 17:34:59][790] Processed:  App\Jobs\SendThht
[2021-01-17 17:34:59][791] Processing: App\Jobs\SendThht
[2021-01-17 17:35:00][791] Processed:  App\Jobs\SendThht
[2021-01-17 17:35:03][792] Processing: App\Jobs\SendThht
[2021-01-17 17:35:05][792] Processed:  App\Jobs\SendThht
[2021-01-17 17:35:08][793] Processing: App\Jobs\SendThht
[2021-01-17 17:35:09][793] Processed:  App\Jobs\SendThht
[2021-01-17 17:35:09][794] Processing: App\Jobs\SendThht
[2021-01-17 17:35:10][794] Processed:  App\Jobs\SendThht
[2021-01-17 17:35:10][795] Processing: App\Jobs\SendThht
[2021-01-17 17:35:12][795] Processed:  App\Jobs\SendThht
[2021-01-17 17:35:12][796] Processing: App\Jobs\SendThht
[2021-01-17 17:35:13][796] Processed:  App\Jobs\SendThht
[2021-01-17 17:35:16][797] Processing: App\Jobs\SendThht
[2021-01-17 17:35:17][797] Processed:  App\Jobs\SendThht
[2021-01-17 17:35:17][798] Processing: App\Jobs\SendThht
[2021-01-17 17:35:18][798] Processed:  App\Jobs\SendThht
[2021-01-17 17:35:18][799] Processing: App\Jobs\SendThht
[2021-01-17 17:35:22][799] Processed:  App\Jobs\SendThht
[2021-01-17 17:35:22][800] Processing: App\Jobs\SendThht
[2021-01-17 17:35:23][800] Processed:  App\Jobs\SendThht
[2021-01-17 17:35:23][801] Processing: App\Jobs\SendThht
[2021-01-17 17:35:25][801] Processed:  App\Jobs\SendThht
[2021-01-17 17:35:25][802] Processing: App\Jobs\SendThht
[2021-01-17 17:35:26][802] Processed:  App\Jobs\SendThht
[2021-01-17 17:35:26][803] Processing: App\Jobs\SendThht
[2021-01-17 17:35:28][803] Processed:  App\Jobs\SendThht
[2021-01-17 17:35:28][804] Processing: App\Jobs\SendThht
[2021-01-17 17:35:31][804] Processed:  App\Jobs\SendThht
[2021-01-17 17:35:31][805] Processing: App\Jobs\SendThht
[2021-01-17 17:35:33][805] Processed:  App\Jobs\SendThht
[2021-01-17 17:35:33][806] Processing: App\Jobs\SendThht
[2021-01-17 17:35:34][806] Processed:  App\Jobs\SendThht
[2021-01-17 17:35:37][807] Processing: App\Jobs\SendThht
[2021-01-17 17:35:39][807] Processed:  App\Jobs\SendThht
[2021-01-17 17:35:39][808] Processing: App\Jobs\SendThht
[2021-01-17 17:35:40][808] Processed:  App\Jobs\SendThht
[2021-01-17 17:35:40][809] Processing: App\Jobs\SendThht
[2021-01-17 17:35:42][809] Processed:  App\Jobs\SendThht
[2021-01-17 17:35:45][810] Processing: App\Jobs\SendThht
[2021-01-17 17:35:46][810] Processed:  App\Jobs\SendThht
[2021-01-17 17:35:46][811] Processing: App\Jobs\SendThht
[2021-01-17 17:35:48][811] Processed:  App\Jobs\SendThht
[2021-01-17 17:35:48][812] Processing: App\Jobs\SendThht
[2021-01-17 17:35:49][812] Processed:  App\Jobs\SendThht
[2021-01-17 17:35:53][813] Processing: App\Jobs\SendThht
[2021-01-17 17:35:54][813] Processed:  App\Jobs\SendThht
[2021-01-17 17:35:57][814] Processing: App\Jobs\SendThht
[2021-01-17 17:35:59][814] Processed:  App\Jobs\SendThht
[2021-01-17 17:35:59][815] Processing: App\Jobs\SendThht
[2021-01-17 17:36:00][815] Processed:  App\Jobs\SendThht
[2021-01-17 17:36:00][816] Processing: App\Jobs\SendThht
[2021-01-17 17:36:02][816] Processed:  App\Jobs\SendThht
[2021-01-17 17:36:05][817] Processing: App\Jobs\SendThht
[2021-01-17 17:36:07][817] Processed:  App\Jobs\SendThht
[2021-01-17 17:36:07][818] Processing: App\Jobs\SendThht
[2021-01-17 17:36:08][818] Processed:  App\Jobs\SendThht
[2021-01-17 17:36:08][819] Processing: App\Jobs\SendThht
[2021-01-17 17:36:10][819] Processed:  App\Jobs\SendThht
[2021-01-17 17:36:10][820] Processing: App\Jobs\SendThht
[2021-01-17 17:36:12][820] Processed:  App\Jobs\SendThht
[2021-01-17 17:36:15][821] Processing: App\Jobs\SendThht
[2021-01-17 17:36:16][821] Processed:  App\Jobs\SendThht
[2021-01-17 17:36:16][822] Processing: App\Jobs\SendThht
[2021-01-17 17:36:17][822] Processed:  App\Jobs\SendThht
[2021-01-17 17:36:17][823] Processing: App\Jobs\SendThht
[2021-01-17 17:36:19][823] Processed:  App\Jobs\SendThht
[2021-01-17 17:36:22][824] Processing: App\Jobs\SendThht
[2021-01-17 17:36:23][824] Processed:  App\Jobs\SendThht
[2021-01-17 17:36:23][825] Processing: App\Jobs\SendThht
[2021-01-17 17:36:24][825] Processed:  App\Jobs\SendThht
[2021-01-17 17:36:27][826] Processing: App\Jobs\SendThht
[2021-01-17 17:36:27][826] Failed:     App\Jobs\SendThht
[2021-01-17 18:56:44][827] Processing: App\Jobs\SendThht
[2021-01-17 18:56:46][827] Processed:  App\Jobs\SendThht
[2021-01-17 18:57:31][828] Processing: App\Jobs\SendThht
[2021-01-17 18:57:32][828] Processed:  App\Jobs\SendThht
[2021-01-17 18:57:32][829] Processing: App\Jobs\SendThht
[2021-01-17 18:57:34][829] Processed:  App\Jobs\SendThht
[2021-01-17 18:57:37][830] Processing: App\Jobs\SendThht
[2021-01-17 18:57:38][830] Processed:  App\Jobs\SendThht
[2021-01-17 18:57:41][831] Processing: App\Jobs\SendThht
[2021-01-17 18:57:43][831] Processed:  App\Jobs\SendThht
[2021-01-17 18:57:46][832] Processing: App\Jobs\SendThht
[2021-01-17 18:57:47][832] Processed:  App\Jobs\SendThht
[2021-01-17 18:57:56][833] Processing: App\Jobs\SendThht
[2021-01-17 18:57:57][833] Processed:  App\Jobs\SendThht
[2021-01-17 18:58:03][834] Processing: App\Jobs\SendThht
[2021-01-17 18:58:05][834] Processed:  App\Jobs\SendThht
[2021-01-17 18:58:11][835] Processing: App\Jobs\SendThht
[2021-01-17 18:58:12][835] Processed:  App\Jobs\SendThht
[2021-01-17 18:58:18][836] Processing: App\Jobs\SendThht
[2021-01-17 18:58:20][836] Processed:  App\Jobs\SendThht
[2021-01-17 18:58:23][837] Processing: App\Jobs\SendThht
[2021-01-17 18:58:24][837] Processed:  App\Jobs\SendThht
[2021-01-17 18:58:30][838] Processing: App\Jobs\SendThht
[2021-01-17 18:58:33][838] Processed:  App\Jobs\SendThht
[2021-01-17 18:58:36][839] Processing: App\Jobs\SendThht
[2021-01-17 18:58:37][839] Processed:  App\Jobs\SendThht
[2021-01-17 18:58:43][840] Processing: App\Jobs\SendThht
[2021-01-17 18:58:44][840] Processed:  App\Jobs\SendThht
[2021-01-17 18:58:47][841] Processing: App\Jobs\SendThht
[2021-01-17 18:58:48][841] Processed:  App\Jobs\SendThht
[2021-01-17 18:58:57][842] Processing: App\Jobs\SendThht
[2021-01-17 18:58:59][842] Processed:  App\Jobs\SendThht
[2021-01-17 18:59:02][843] Processing: App\Jobs\SendThht
[2021-01-17 18:59:04][843] Processed:  App\Jobs\SendThht
[2021-01-17 18:59:07][844] Processing: App\Jobs\SendThht
[2021-01-17 18:59:08][844] Processed:  App\Jobs\SendThht
[2021-01-17 18:59:08][845] Processing: App\Jobs\SendThht
[2021-01-17 18:59:10][845] Processed:  App\Jobs\SendThht
[2021-01-17 18:59:13][846] Processing: App\Jobs\SendThht
[2021-01-17 18:59:14][846] Processed:  App\Jobs\SendThht
[2021-01-17 19:18:15][847] Processing: App\Jobs\SendThht
[2021-01-17 19:18:16][847] Processed:  App\Jobs\SendThht
[2021-01-17 19:18:16][848] Processing: App\Jobs\SendThht
[2021-01-17 19:18:17][848] Processed:  App\Jobs\SendThht
[2021-01-17 19:18:20][849] Processing: App\Jobs\SendThht
[2021-01-17 19:18:22][849] Processed:  App\Jobs\SendThht
[2021-01-17 19:18:25][850] Processing: App\Jobs\SendThht
[2021-01-17 19:18:27][850] Processed:  App\Jobs\SendThht
[2021-01-17 19:18:30][851] Processing: App\Jobs\SendThht
[2021-01-17 19:18:31][851] Processed:  App\Jobs\SendThht
[2021-01-17 19:18:31][852] Processing: App\Jobs\SendThht
[2021-01-17 19:18:33][852] Processed:  App\Jobs\SendThht
[2021-01-17 19:18:39][853] Processing: App\Jobs\SendThht
[2021-01-17 19:18:40][853] Processed:  App\Jobs\SendThht
[2021-01-17 19:18:40][854] Processing: App\Jobs\SendThht
[2021-01-17 19:18:42][854] Processed:  App\Jobs\SendThht
[2021-01-17 19:18:45][855] Processing: App\Jobs\SendThht
[2021-01-17 19:18:46][855] Processed:  App\Jobs\SendThht
[2021-01-17 19:18:46][856] Processing: App\Jobs\SendThht
[2021-01-17 19:18:48][856] Processed:  App\Jobs\SendThht
[2021-01-17 20:02:58][858] Processing: App\Jobs\SendThht
[2021-01-17 20:03:00][858] Processed:  App\Jobs\SendThht
[2021-01-17 20:03:00][859] Processing: App\Jobs\SendThht
[2021-01-17 20:03:01][859] Processed:  App\Jobs\SendThht
[2021-01-17 20:03:01][860] Processing: App\Jobs\SendThht
[2021-01-17 20:03:03][860] Processed:  App\Jobs\SendThht
[2021-01-17 20:03:09][863] Processing: App\Jobs\SendThht
[2021-01-17 20:03:11][863] Processed:  App\Jobs\SendThht
[2021-01-17 20:28:27][865] Processing: App\Jobs\SendThht
[2021-01-17 20:28:29][865] Processed:  App\Jobs\SendThht
[2021-01-17 20:28:32][866] Processing: App\Jobs\SendThht
[2021-01-17 20:28:33][866] Processed:  App\Jobs\SendThht
[2021-01-17 20:28:36][867] Processing: App\Jobs\SendThht
[2021-01-17 20:28:37][867] Processed:  App\Jobs\SendThht
[2021-01-17 20:28:55][869] Processing: App\Jobs\SendThht
[2021-01-17 20:28:56][869] Processed:  App\Jobs\SendThht
[2021-01-17 21:16:13][871] Processing: App\Jobs\SendThht
[2021-01-17 21:16:14][871] Processed:  App\Jobs\SendThht
[2021-01-17 21:16:17][872] Processing: App\Jobs\SendThht
[2021-01-17 21:16:22][872] Processed:  App\Jobs\SendThht
[2021-01-17 21:16:22][874] Processing: App\Jobs\SendThht
[2021-01-17 21:16:24][874] Processed:  App\Jobs\SendThht
[2021-01-17 21:16:30][876] Processing: App\Jobs\SendThht
[2021-01-17 21:16:31][876] Processed:  App\Jobs\SendThht
[2021-01-17 21:16:31][877] Processing: App\Jobs\SendThht
[2021-01-17 21:16:33][877] Processed:  App\Jobs\SendThht
[2021-01-17 21:16:36][878] Processing: App\Jobs\SendThht
[2021-01-17 21:16:37][878] Processed:  App\Jobs\SendThht
[2021-01-17 21:16:37][879] Processing: App\Jobs\SendThht
[2021-01-17 21:16:39][879] Processed:  App\Jobs\SendThht
[2021-01-17 21:16:42][880] Processing: App\Jobs\SendThht
[2021-01-17 21:16:43][880] Processed:  App\Jobs\SendThht
[2021-01-17 21:16:47][882] Processing: App\Jobs\SendThht
[2021-01-17 21:16:48][882] Processed:  App\Jobs\SendThht
[2021-01-17 21:16:51][883] Processing: App\Jobs\SendThht
[2021-01-17 21:16:52][883] Processed:  App\Jobs\SendThht
[2021-01-17 21:17:01][885] Processing: App\Jobs\SendThht
[2021-01-17 21:17:08][885] Processed:  App\Jobs\SendThht
[2021-01-17 21:17:08][887] Processing: App\Jobs\SendThht
[2021-01-17 21:17:10][887] Processed:  App\Jobs\SendThht
[2021-01-17 21:17:13][889] Processing: App\Jobs\SendThht
[2021-01-17 21:17:14][889] Processed:  App\Jobs\SendThht
[2021-01-17 21:17:17][890] Processing: App\Jobs\SendThht
[2021-01-17 21:17:19][890] Processed:  App\Jobs\SendThht
[2021-01-17 21:17:25][892] Processing: App\Jobs\SendThht
[2021-01-17 21:17:26][892] Processed:  App\Jobs\SendThht
[2021-01-17 21:23:47][894] Processing: App\Jobs\SendThht
[2021-01-17 21:23:49][894] Processed:  App\Jobs\SendThht
[2021-01-17 21:23:52][895] Processing: App\Jobs\SendThht
[2021-01-17 21:23:53][895] Processed:  App\Jobs\SendThht
[2021-01-17 21:23:53][896] Processing: App\Jobs\SendThht
[2021-01-17 21:23:55][896] Processed:  App\Jobs\SendThht
[2021-01-17 21:23:58][897] Processing: App\Jobs\SendThht
[2021-01-17 21:24:00][897] Processed:  App\Jobs\SendThht
[2021-01-17 21:24:00][898] Processing: App\Jobs\SendThht
[2021-01-17 21:24:01][898] Processed:  App\Jobs\SendThht
[2021-01-17 21:24:04][899] Processing: App\Jobs\SendThht
[2021-01-17 21:24:13][899] Processed:  App\Jobs\SendThht
[2021-01-17 21:24:13][900] Processing: App\Jobs\SendThht
[2021-01-17 21:24:15][900] Processed:  App\Jobs\SendThht
[2021-01-17 21:24:15][901] Processing: App\Jobs\SendThht
[2021-01-17 21:24:16][901] Processed:  App\Jobs\SendThht
[2021-01-17 21:24:16][902] Processing: App\Jobs\SendThht
[2021-01-17 21:24:18][902] Processed:  App\Jobs\SendThht
[2021-01-17 21:24:18][903] Processing: App\Jobs\SendThht
[2021-01-17 21:24:20][903] Processed:  App\Jobs\SendThht
[2021-01-17 21:24:20][904] Processing: App\Jobs\SendThht
[2021-01-17 21:24:22][904] Processed:  App\Jobs\SendThht
[2021-01-17 21:24:58][905] Processing: App\Jobs\SendThht
[2021-01-17 21:24:59][905] Processed:  App\Jobs\SendThht
[2021-01-17 21:25:02][906] Processing: App\Jobs\SendThht
[2021-01-17 21:25:06][906] Processed:  App\Jobs\SendThht
[2021-01-17 21:25:09][907] Processing: App\Jobs\SendThht
[2021-01-17 21:25:10][907] Processed:  App\Jobs\SendThht
[2021-01-17 21:25:10][908] Processing: App\Jobs\SendThht
[2021-01-17 21:25:12][908] Processed:  App\Jobs\SendThht
[2021-01-17 21:25:15][909] Processing: App\Jobs\SendThht
[2021-01-17 21:25:17][909] Processed:  App\Jobs\SendThht
[2021-01-17 21:25:17][910] Processing: App\Jobs\SendThht
[2021-01-17 21:25:18][910] Processed:  App\Jobs\SendThht
[2021-01-17 21:25:21][911] Processing: App\Jobs\SendThht
[2021-01-17 21:25:23][911] Processed:  App\Jobs\SendThht
[2021-01-17 21:25:26][912] Processing: App\Jobs\SendThht
[2021-01-17 21:25:28][912] Processed:  App\Jobs\SendThht
[2021-01-17 21:25:28][913] Processing: App\Jobs\SendThht
[2021-01-17 21:25:29][913] Processed:  App\Jobs\SendThht
[2021-01-17 21:25:32][914] Processing: App\Jobs\SendThht
[2021-01-17 21:25:34][914] Processed:  App\Jobs\SendThht
[2021-01-17 21:25:37][915] Processing: App\Jobs\SendThht
[2021-01-17 21:25:39][915] Processed:  App\Jobs\SendThht
[2021-01-17 21:25:39][916] Processing: App\Jobs\SendThht
[2021-01-17 21:25:40][916] Processed:  App\Jobs\SendThht
[2021-01-17 21:25:43][917] Processing: App\Jobs\SendThht
[2021-01-17 21:25:45][917] Processed:  App\Jobs\SendThht
[2021-01-17 21:25:48][918] Processing: App\Jobs\SendThht
[2021-01-17 21:25:49][918] Processed:  App\Jobs\SendThht
[2021-01-17 21:27:07][919] Processing: App\Jobs\SendThht
[2021-01-17 21:27:09][919] Processed:  App\Jobs\SendThht
[2021-01-17 21:27:12][920] Processing: App\Jobs\SendThht
[2021-01-17 21:27:14][920] Processed:  App\Jobs\SendThht
[2021-01-17 21:27:14][921] Processing: App\Jobs\SendThht
[2021-01-17 21:27:15][921] Processed:  App\Jobs\SendThht
[2021-01-17 21:27:18][922] Processing: App\Jobs\SendThht
[2021-01-17 21:27:20][922] Processed:  App\Jobs\SendThht
[2021-01-17 21:27:20][923] Processing: App\Jobs\SendThht
[2021-01-17 21:27:22][923] Processed:  App\Jobs\SendThht
[2021-01-17 21:27:22][924] Processing: App\Jobs\SendThht
[2021-01-17 21:27:23][924] Processed:  App\Jobs\SendThht
[2021-01-17 21:27:26][925] Processing: App\Jobs\SendThht
[2021-01-17 21:27:27][925] Processed:  App\Jobs\SendThht
[2021-01-17 21:27:30][926] Processing: App\Jobs\SendThht
[2021-01-17 21:27:32][926] Processed:  App\Jobs\SendThht
[2021-01-17 21:27:32][927] Processing: App\Jobs\SendThht
[2021-01-17 21:27:33][927] Processed:  App\Jobs\SendThht
[2021-01-17 21:27:36][928] Processing: App\Jobs\SendThht
[2021-01-17 21:27:38][928] Processed:  App\Jobs\SendThht
[2021-01-17 21:27:41][929] Processing: App\Jobs\SendThht
[2021-01-17 21:27:42][929] Processed:  App\Jobs\SendThht
[2021-01-17 21:27:42][930] Processing: App\Jobs\SendThht
[2021-01-17 21:27:44][930] Processed:  App\Jobs\SendThht
[2021-01-17 21:27:44][931] Processing: App\Jobs\SendThht
[2021-01-17 21:27:45][931] Processed:  App\Jobs\SendThht
[2021-01-17 21:27:48][932] Processing: App\Jobs\SendThht
[2021-01-17 21:27:50][932] Processed:  App\Jobs\SendThht
[2021-01-17 21:36:02][933] Processing: App\Jobs\SendThht
[2021-01-17 21:36:04][933] Processed:  App\Jobs\SendThht
[2021-01-17 21:36:04][934] Processing: App\Jobs\SendThht
[2021-01-17 21:36:06][934] Processed:  App\Jobs\SendThht
[2021-01-17 21:36:09][935] Processing: App\Jobs\SendThht
[2021-01-17 21:36:10][935] Processed:  App\Jobs\SendThht
[2021-01-17 21:36:13][936] Processing: App\Jobs\SendThht
[2021-01-17 21:36:15][936] Processed:  App\Jobs\SendThht
[2021-01-17 21:36:15][937] Processing: App\Jobs\SendThht
[2021-01-17 21:36:16][937] Processed:  App\Jobs\SendThht
[2021-01-17 21:36:19][938] Processing: App\Jobs\SendThht
[2021-01-17 21:36:21][938] Processed:  App\Jobs\SendThht
[2021-01-17 21:36:21][939] Processing: App\Jobs\SendThht
[2021-01-17 21:36:22][939] Processed:  App\Jobs\SendThht
[2021-01-17 21:36:28][940] Processing: App\Jobs\SendThht
[2021-01-17 21:36:30][940] Processed:  App\Jobs\SendThht
[2021-01-17 21:36:36][941] Processing: App\Jobs\SendThht
[2021-01-17 21:36:37][941] Processed:  App\Jobs\SendThht
[2021-01-17 21:36:40][942] Processing: App\Jobs\SendThht
[2021-01-17 21:36:41][942] Processed:  App\Jobs\SendThht
[2021-01-17 21:36:44][943] Processing: App\Jobs\SendThht
[2021-01-17 21:36:46][943] Processed:  App\Jobs\SendThht
[2021-01-17 21:36:49][944] Processing: App\Jobs\SendThht
[2021-01-17 21:36:50][944] Processed:  App\Jobs\SendThht
[2021-01-17 21:36:53][945] Processing: App\Jobs\SendThht
[2021-01-17 21:36:55][945] Processed:  App\Jobs\SendThht
[2021-01-17 21:36:58][946] Processing: App\Jobs\SendThht
[2021-01-17 21:36:59][946] Processed:  App\Jobs\SendThht
[2021-01-17 21:37:02][947] Processing: App\Jobs\SendThht
[2021-01-17 21:37:03][947] Processed:  App\Jobs\SendThht
[2021-01-17 21:37:06][948] Processing: App\Jobs\SendThht
[2021-01-17 21:37:08][948] Processed:  App\Jobs\SendThht
[2021-01-17 21:37:11][949] Processing: App\Jobs\SendThht
[2021-01-17 21:37:12][949] Processed:  App\Jobs\SendThht
[2021-01-17 21:37:15][950] Processing: App\Jobs\SendThht
[2021-01-17 21:37:17][950] Processed:  App\Jobs\SendThht
[2021-01-17 21:37:20][951] Processing: App\Jobs\SendThht
[2021-01-17 21:37:21][951] Processed:  App\Jobs\SendThht
[2021-01-17 22:27:17][952] Processing: App\Jobs\SendThht
[2021-01-17 22:27:18][952] Processed:  App\Jobs\SendThht
[2021-01-17 22:27:21][953] Processing: App\Jobs\SendThht
[2021-01-17 22:27:23][953] Processed:  App\Jobs\SendThht
[2021-01-17 22:27:23][954] Processing: App\Jobs\SendThht
[2021-01-17 22:27:24][954] Processed:  App\Jobs\SendThht
[2021-01-17 22:27:27][955] Processing: App\Jobs\SendThht
[2021-01-17 22:27:28][955] Processed:  App\Jobs\SendThht
[2021-01-17 22:27:28][956] Processing: App\Jobs\SendThht
[2021-01-17 22:27:30][956] Processed:  App\Jobs\SendThht
[2021-01-17 22:27:33][957] Processing: App\Jobs\SendThht
[2021-01-17 22:27:34][957] Processed:  App\Jobs\SendThht
[2021-01-17 22:27:34][958] Processing: App\Jobs\SendThht
[2021-01-17 22:27:38][958] Processed:  App\Jobs\SendThht
[2021-01-17 22:27:38][959] Processing: App\Jobs\SendThht
[2021-01-17 22:27:39][959] Processed:  App\Jobs\SendThht
[2021-01-17 22:27:39][960] Processing: App\Jobs\SendThht
[2021-01-17 22:27:40][960] Processed:  App\Jobs\SendThht
[2021-01-17 22:27:40][961] Processing: App\Jobs\SendThht
[2021-01-17 22:27:41][961] Processed:  App\Jobs\SendThht
[2021-01-17 22:27:44][962] Processing: App\Jobs\SendThht
[2021-01-17 22:27:46][962] Processed:  App\Jobs\SendThht
[2021-01-17 22:27:46][963] Processing: App\Jobs\SendThht
[2021-01-17 22:27:47][963] Processed:  App\Jobs\SendThht
[2021-01-17 22:27:47][964] Processing: App\Jobs\SendThht
[2021-01-17 22:27:49][964] Processed:  App\Jobs\SendThht
[2021-01-17 22:27:49][965] Processing: App\Jobs\SendThht
[2021-01-17 22:27:50][965] Processed:  App\Jobs\SendThht
[2021-01-17 22:27:50][966] Processing: App\Jobs\SendThht
[2021-01-17 22:27:52][966] Processed:  App\Jobs\SendThht
[2021-01-17 22:27:52][967] Processing: App\Jobs\SendThht
[2021-01-17 22:27:53][967] Processed:  App\Jobs\SendThht
[2021-01-17 22:27:53][968] Processing: App\Jobs\SendThht
[2021-01-17 22:27:55][968] Processed:  App\Jobs\SendThht
[2021-01-17 22:27:55][969] Processing: App\Jobs\SendThht
[2021-01-17 22:27:56][969] Processed:  App\Jobs\SendThht
[2021-01-17 22:27:56][970] Processing: App\Jobs\SendThht
[2021-01-17 22:27:58][970] Processed:  App\Jobs\SendThht
[2021-01-17 22:27:58][971] Processing: App\Jobs\SendThht
[2021-01-17 22:27:59][971] Processed:  App\Jobs\SendThht
[2021-01-17 22:28:02][972] Processing: App\Jobs\SendThht
[2021-01-17 22:28:03][972] Processed:  App\Jobs\SendThht
[2021-01-17 22:28:03][973] Processing: App\Jobs\SendThht
[2021-01-17 22:28:04][973] Processed:  App\Jobs\SendThht
[2021-01-17 22:28:04][974] Processing: App\Jobs\SendThht
[2021-01-17 22:28:05][974] Processed:  App\Jobs\SendThht
[2021-01-17 22:28:05][975] Processing: App\Jobs\SendThht
[2021-01-17 22:28:07][975] Processed:  App\Jobs\SendThht
[2021-01-17 22:28:07][976] Processing: App\Jobs\SendThht
[2021-01-17 22:28:09][976] Processed:  App\Jobs\SendThht
[2021-01-17 22:28:09][977] Processing: App\Jobs\SendThht
[2021-01-17 22:28:10][977] Processed:  App\Jobs\SendThht
[2021-01-17 22:28:10][978] Processing: App\Jobs\SendThht
[2021-01-17 22:28:12][978] Processed:  App\Jobs\SendThht
[2021-01-17 22:28:12][979] Processing: App\Jobs\SendThht
[2021-01-17 22:28:13][979] Processed:  App\Jobs\SendThht
[2021-01-17 22:28:13][980] Processing: App\Jobs\SendThht
[2021-01-17 22:28:15][980] Processed:  App\Jobs\SendThht
[2021-01-17 22:28:15][981] Processing: App\Jobs\SendThht
[2021-01-17 22:28:16][981] Processed:  App\Jobs\SendThht
[2021-01-17 22:28:16][982] Processing: App\Jobs\SendThht
[2021-01-17 22:28:18][982] Processed:  App\Jobs\SendThht
[2021-01-17 22:28:18][983] Processing: App\Jobs\SendThht
[2021-01-17 22:28:19][983] Processed:  App\Jobs\SendThht
[2021-01-17 22:28:19][984] Processing: App\Jobs\SendThht
[2021-01-17 22:28:20][984] Processed:  App\Jobs\SendThht
[2021-01-17 22:28:20][985] Processing: App\Jobs\SendThht
[2021-01-17 22:28:24][985] Processed:  App\Jobs\SendThht
[2021-01-17 22:28:24][986] Processing: App\Jobs\SendThht
[2021-01-17 22:28:26][986] Processed:  App\Jobs\SendThht
[2021-01-17 23:39:49][987] Processing: App\Jobs\SendThht
[2021-01-17 23:39:51][987] Processed:  App\Jobs\SendThht
[2021-01-17 23:39:51][988] Processing: App\Jobs\SendThht
[2021-01-17 23:39:54][988] Processed:  App\Jobs\SendThht
[2021-01-17 23:39:54][989] Processing: App\Jobs\SendThht
[2021-01-17 23:39:56][989] Processed:  App\Jobs\SendThht
[2021-01-17 23:39:59][990] Processing: App\Jobs\SendThht
[2021-01-17 23:40:01][990] Processed:  App\Jobs\SendThht
[2021-01-17 23:40:07][991] Processing: App\Jobs\SendThht
[2021-01-17 23:40:09][991] Processed:  App\Jobs\SendThht
[2021-01-17 23:40:15][992] Processing: App\Jobs\SendThht
[2021-01-17 23:40:16][992] Processed:  App\Jobs\SendThht
[2021-01-17 23:40:19][993] Processing: App\Jobs\SendThht
[2021-01-17 23:40:21][993] Processed:  App\Jobs\SendThht
[2021-01-17 23:40:21][994] Processing: App\Jobs\SendThht
[2021-01-17 23:40:22][994] Processed:  App\Jobs\SendThht
[2021-01-17 23:40:25][995] Processing: App\Jobs\SendThht
[2021-01-17 23:40:26][995] Processed:  App\Jobs\SendThht
[2021-01-17 23:40:26][996] Processing: App\Jobs\SendThht
[2021-01-17 23:40:28][996] Processed:  App\Jobs\SendThht
[2021-01-17 23:40:31][997] Processing: App\Jobs\SendThht
[2021-01-17 23:40:33][997] Processed:  App\Jobs\SendThht
[2021-01-17 23:40:36][998] Processing: App\Jobs\SendThht
[2021-01-17 23:40:37][998] Processed:  App\Jobs\SendThht
[2021-01-17 23:40:37][999] Processing: App\Jobs\SendThht
[2021-01-17 23:40:38][999] Processed:  App\Jobs\SendThht
[2021-01-17 23:40:44][1000] Processing: App\Jobs\SendThht
[2021-01-17 23:40:46][1000] Processed:  App\Jobs\SendThht
[2021-01-17 23:40:46][1001] Processing: App\Jobs\SendThht
[2021-01-17 23:40:48][1001] Processed:  App\Jobs\SendThht
[2021-01-17 23:40:51][1002] Processing: App\Jobs\SendThht
[2021-01-17 23:40:52][1002] Processed:  App\Jobs\SendThht
[2021-01-17 23:40:55][1003] Processing: App\Jobs\SendThht
[2021-01-17 23:40:56][1003] Processed:  App\Jobs\SendThht
[2021-01-17 23:40:56][1004] Processing: App\Jobs\SendThht
[2021-01-17 23:40:57][1004] Processed:  App\Jobs\SendThht
[2021-01-17 23:42:27][1005] Processing: App\Jobs\SendThht
[2021-01-17 23:42:29][1005] Processed:  App\Jobs\SendThht
[2021-01-17 23:42:32][1006] Processing: App\Jobs\SendThht
[2021-01-17 23:42:35][1006] Processed:  App\Jobs\SendThht
[2021-01-18 00:18:54][1007] Processing: App\Jobs\SendThht
[2021-01-18 00:18:56][1007] Processed:  App\Jobs\SendThht
[2021-01-18 00:18:59][1008] Processing: App\Jobs\SendThht
[2021-01-18 00:19:00][1008] Processed:  App\Jobs\SendThht
[2021-01-18 00:19:03][1009] Processing: App\Jobs\SendThht
[2021-01-18 00:19:04][1009] Processed:  App\Jobs\SendThht
[2021-01-18 00:19:04][1010] Processing: App\Jobs\SendThht
[2021-01-18 00:19:05][1010] Processed:  App\Jobs\SendThht
[2021-01-18 00:19:11][1011] Processing: App\Jobs\SendThht
[2021-01-18 00:19:13][1011] Processed:  App\Jobs\SendThht
[2021-01-18 00:19:16][1012] Processing: App\Jobs\SendThht
[2021-01-18 00:19:17][1012] Processed:  App\Jobs\SendThht
[2021-01-18 00:19:17][1013] Processing: App\Jobs\SendThht
[2021-01-18 00:19:18][1013] Processed:  App\Jobs\SendThht
[2021-01-18 00:19:21][1014] Processing: App\Jobs\SendThht
[2021-01-18 00:19:22][1014] Processed:  App\Jobs\SendThht
[2021-01-18 00:19:25][1015] Processing: App\Jobs\SendThht
[2021-01-18 00:19:27][1015] Processed:  App\Jobs\SendThht
[2021-01-18 00:19:30][1016] Processing: App\Jobs\SendThht
[2021-01-18 00:19:31][1016] Processed:  App\Jobs\SendThht
[2021-01-18 00:19:34][1017] Processing: App\Jobs\SendThht
[2021-01-18 00:19:36][1017] Processed:  App\Jobs\SendThht
[2021-01-18 00:19:39][1018] Processing: App\Jobs\SendThht
[2021-01-18 00:19:40][1018] Processed:  App\Jobs\SendThht
[2021-01-18 00:19:46][1019] Processing: App\Jobs\SendThht
[2021-01-18 00:19:48][1019] Processed:  App\Jobs\SendThht
[2021-01-18 00:19:51][1020] Processing: App\Jobs\SendThht
[2021-01-18 00:19:52][1020] Processed:  App\Jobs\SendThht
[2021-01-18 00:20:01][1021] Processing: App\Jobs\SendThht
[2021-01-18 00:20:03][1021] Processed:  App\Jobs\SendThht
[2021-01-18 00:20:06][1022] Processing: App\Jobs\SendThht
[2021-01-18 00:20:07][1022] Processed:  App\Jobs\SendThht
[2021-01-18 00:20:10][1023] Processing: App\Jobs\SendThht
[2021-01-18 00:20:11][1023] Processed:  App\Jobs\SendThht
[2021-01-18 16:02:47][1024] Processing: App\Jobs\SendThht
[2021-01-18 16:02:49][1024] Processed:  App\Jobs\SendThht
[2021-01-18 16:02:52][1025] Processing: App\Jobs\SendThht
[2021-01-18 16:02:53][1025] Processed:  App\Jobs\SendThht
[2021-01-18 16:02:59][1027] Processing: App\Jobs\SendThht
[2021-01-18 16:03:01][1027] Processed:  App\Jobs\SendThht
[2021-01-18 16:03:01][1028] Processing: App\Jobs\SendThht
[2021-01-18 16:03:03][1028] Processed:  App\Jobs\SendThht
[2021-01-18 18:23:37][1029] Processing: App\Jobs\SendEventNotify
[2021-01-18 18:23:39][1029] Processed:  App\Jobs\SendEventNotify
[2021-01-18 19:13:28][1030] Processing: App\Jobs\SendEventNotify
[2021-01-18 19:13:29][1030] Processed:  App\Jobs\SendEventNotify
[2021-01-18 20:21:13][1031] Processing: App\Jobs\SendThht
[2021-01-18 20:21:15][1031] Processed:  App\Jobs\SendThht
[2021-01-18 20:21:15][1032] Processing: App\Jobs\SendThht
[2021-01-18 20:21:17][1032] Processed:  App\Jobs\SendThht
[2021-01-18 20:21:20][1033] Processing: App\Jobs\SendThht
[2021-01-18 20:21:22][1033] Processed:  App\Jobs\SendThht
[2021-01-18 20:21:25][1034] Processing: App\Jobs\SendThht
[2021-01-18 20:21:26][1034] Processed:  App\Jobs\SendThht
[2021-01-18 20:21:26][1035] Processing: App\Jobs\SendThht
[2021-01-18 20:21:28][1035] Processed:  App\Jobs\SendThht
[2021-01-18 20:21:31][1036] Processing: App\Jobs\SendThht
[2021-01-18 20:21:33][1036] Processed:  App\Jobs\SendThht
[2021-01-18 20:21:33][1037] Processing: App\Jobs\SendThht
[2021-01-18 20:21:34][1037] Processed:  App\Jobs\SendThht
[2021-01-18 20:21:37][1038] Processing: App\Jobs\SendThht
[2021-01-18 20:21:39][1038] Processed:  App\Jobs\SendThht
[2021-01-18 20:21:42][1039] Processing: App\Jobs\SendThht
[2021-01-18 20:21:43][1039] Processed:  App\Jobs\SendThht
[2021-01-18 20:21:46][1040] Processing: App\Jobs\SendThht
[2021-01-18 20:21:47][1040] Processed:  App\Jobs\SendThht
[2021-01-18 20:21:50][1041] Processing: App\Jobs\SendThht
[2021-01-18 20:21:51][1041] Processed:  App\Jobs\SendThht
[2021-01-18 20:21:54][1042] Processing: App\Jobs\SendThht
[2021-01-18 20:21:55][1042] Processed:  App\Jobs\SendThht
[2021-01-18 20:21:58][1043] Processing: App\Jobs\SendThht
[2021-01-18 20:21:59][1043] Processed:  App\Jobs\SendThht
[2021-01-18 20:21:59][1044] Processing: App\Jobs\SendThht
[2021-01-18 20:22:00][1044] Processed:  App\Jobs\SendThht
[2021-01-18 20:22:03][1045] Processing: App\Jobs\SendThht
[2021-01-18 20:22:05][1045] Processed:  App\Jobs\SendThht
[2021-01-18 20:22:08][1046] Processing: App\Jobs\SendThht
[2021-01-18 20:22:10][1046] Processed:  App\Jobs\SendThht
[2021-01-18 20:22:10][1047] Processing: App\Jobs\SendThht
[2021-01-18 20:22:11][1047] Processed:  App\Jobs\SendThht
[2021-01-18 20:45:30][1048] Processing: App\Jobs\SendThht
[2021-01-18 20:45:31][1048] Processed:  App\Jobs\SendThht
[2021-01-18 20:45:31][1049] Processing: App\Jobs\SendThht
[2021-01-18 20:45:33][1049] Processed:  App\Jobs\SendThht
[2021-01-18 20:45:36][1050] Processing: App\Jobs\SendThht
[2021-01-18 20:45:37][1050] Processed:  App\Jobs\SendThht
[2021-01-18 20:46:01][1051] Processing: App\Jobs\SendThht
[2021-01-18 20:46:02][1051] Processed:  App\Jobs\SendThht
[2021-01-18 20:46:02][1052] Processing: App\Jobs\SendThht
[2021-01-18 20:46:04][1052] Processed:  App\Jobs\SendThht
[2021-01-18 20:46:04][1053] Processing: App\Jobs\SendThht
[2021-01-18 20:46:05][1053] Processed:  App\Jobs\SendThht
[2021-01-18 20:46:08][1054] Processing: App\Jobs\SendThht
[2021-01-18 20:46:10][1054] Processed:  App\Jobs\SendThht
[2021-01-18 20:46:10][1055] Processing: App\Jobs\SendThht
[2021-01-18 20:46:11][1055] Processed:  App\Jobs\SendThht
[2021-01-18 20:46:14][1056] Processing: App\Jobs\SendThht
[2021-01-18 20:46:15][1056] Processed:  App\Jobs\SendThht
[2021-01-18 20:57:10][1057] Processing: App\Jobs\SendThht
[2021-01-18 20:57:12][1057] Processed:  App\Jobs\SendThht
[2021-01-18 20:57:12][1058] Processing: App\Jobs\SendThht
[2021-01-18 20:57:13][1058] Processed:  App\Jobs\SendThht
[2021-01-18 20:57:13][1059] Processing: App\Jobs\SendThht
[2021-01-18 20:57:15][1059] Processed:  App\Jobs\SendThht
[2021-01-18 20:57:15][1060] Processing: App\Jobs\SendThht
[2021-01-18 20:57:16][1060] Processed:  App\Jobs\SendThht
[2021-01-18 20:57:16][1061] Processing: App\Jobs\SendThht
[2021-01-18 20:57:18][1061] Processed:  App\Jobs\SendThht
[2021-01-18 20:57:18][1062] Processing: App\Jobs\SendThht
[2021-01-18 20:57:24][1062] Processed:  App\Jobs\SendThht
[2021-01-18 21:00:42][1063] Processing: App\Jobs\SendThht
[2021-01-18 21:00:45][1063] Processed:  App\Jobs\SendThht
[2021-01-18 21:20:10][1064] Processing: App\Jobs\SendThht
[2021-01-18 21:20:11][1064] Processed:  App\Jobs\SendThht
[2021-01-18 21:20:11][1065] Processing: App\Jobs\SendThht
[2021-01-18 21:20:13][1065] Processed:  App\Jobs\SendThht
[2021-01-18 21:20:13][1066] Processing: App\Jobs\SendThht
[2021-01-18 21:20:14][1066] Processed:  App\Jobs\SendThht
[2021-01-18 21:20:14][1067] Processing: App\Jobs\SendThht
[2021-01-18 21:20:16][1067] Processed:  App\Jobs\SendThht
[2021-01-18 21:20:16][1068] Processing: App\Jobs\SendThht
[2021-01-18 21:20:18][1068] Processed:  App\Jobs\SendThht
[2021-01-18 21:20:21][1069] Processing: App\Jobs\SendThht
[2021-01-18 21:20:22][1069] Processed:  App\Jobs\SendThht
[2021-01-18 21:20:22][1070] Processing: App\Jobs\SendThht
[2021-01-18 21:20:24][1070] Processed:  App\Jobs\SendThht
[2021-01-18 21:20:27][1071] Processing: App\Jobs\SendThht
[2021-01-18 21:20:28][1071] Processed:  App\Jobs\SendThht
[2021-01-18 21:20:28][1072] Processing: App\Jobs\SendThht
[2021-01-18 21:20:30][1072] Processed:  App\Jobs\SendThht
[2021-01-18 21:20:30][1073] Processing: App\Jobs\SendThht
[2021-01-18 21:20:32][1073] Processed:  App\Jobs\SendThht
[2021-01-18 21:22:26][1074] Processing: App\Jobs\SendThht
[2021-01-18 21:22:28][1074] Processed:  App\Jobs\SendThht
[2021-01-18 21:22:28][1075] Processing: App\Jobs\SendThht
[2021-01-18 21:22:30][1075] Processed:  App\Jobs\SendThht
[2021-01-18 21:22:30][1076] Processing: App\Jobs\SendThht
[2021-01-18 21:22:32][1076] Processed:  App\Jobs\SendThht
[2021-01-18 21:22:35][1077] Processing: App\Jobs\SendThht
[2021-01-18 21:22:36][1077] Processed:  App\Jobs\SendThht
[2021-01-18 21:22:36][1078] Processing: App\Jobs\SendThht
[2021-01-18 21:22:38][1078] Processed:  App\Jobs\SendThht
[2021-01-18 21:22:41][1079] Processing: App\Jobs\SendThht
[2021-01-18 21:22:42][1079] Processed:  App\Jobs\SendThht
[2021-01-18 21:22:42][1080] Processing: App\Jobs\SendThht
[2021-01-18 21:22:44][1080] Processed:  App\Jobs\SendThht
[2021-01-18 21:22:44][1081] Processing: App\Jobs\SendThht
[2021-01-18 21:22:46][1081] Processed:  App\Jobs\SendThht
[2021-01-18 21:22:46][1082] Processing: App\Jobs\SendThht
[2021-01-18 21:22:48][1082] Processed:  App\Jobs\SendThht
[2021-01-18 21:33:06][1083] Processing: App\Jobs\SendThht
[2021-01-18 21:33:07][1083] Processed:  App\Jobs\SendThht
[2021-01-18 21:33:10][1084] Processing: App\Jobs\SendThht
[2021-01-18 21:33:12][1084] Processed:  App\Jobs\SendThht
[2021-01-18 21:33:12][1085] Processing: App\Jobs\SendThht
[2021-01-18 21:33:14][1085] Processed:  App\Jobs\SendThht
[2021-01-18 21:33:17][1086] Processing: App\Jobs\SendThht
[2021-01-18 21:33:19][1086] Processed:  App\Jobs\SendThht
[2021-01-18 21:33:19][1087] Processing: App\Jobs\SendThht
[2021-01-18 21:33:21][1087] Processed:  App\Jobs\SendThht
[2021-01-18 21:33:21][1088] Processing: App\Jobs\SendThht
[2021-01-18 21:33:22][1088] Processed:  App\Jobs\SendThht
[2021-01-18 21:34:07][1089] Processing: App\Jobs\SendThht
[2021-01-18 21:34:09][1089] Processed:  App\Jobs\SendThht
[2021-01-18 21:34:12][1090] Processing: App\Jobs\SendThht
[2021-01-18 21:34:13][1090] Processed:  App\Jobs\SendThht
[2021-01-18 21:34:13][1091] Processing: App\Jobs\SendThht
[2021-01-18 21:34:15][1091] Processed:  App\Jobs\SendThht
[2021-01-18 21:34:15][1092] Processing: App\Jobs\SendThht
[2021-01-18 21:34:16][1092] Processed:  App\Jobs\SendThht
[2021-01-18 21:34:19][1093] Processing: App\Jobs\SendThht
[2021-01-18 21:34:21][1093] Processed:  App\Jobs\SendThht
[2021-01-18 21:39:12][1094] Processing: App\Jobs\SendThht
[2021-01-18 21:39:14][1094] Processed:  App\Jobs\SendThht
[2021-01-18 21:39:14][1095] Processing: App\Jobs\SendThht
[2021-01-18 21:39:15][1095] Processed:  App\Jobs\SendThht
[2021-01-18 21:39:21][1096] Processing: App\Jobs\SendThht
[2021-01-18 21:39:23][1096] Processed:  App\Jobs\SendThht
[2021-01-18 21:39:26][1097] Processing: App\Jobs\SendThht
[2021-01-18 21:39:27][1097] Processed:  App\Jobs\SendThht
[2021-01-18 21:39:27][1098] Processing: App\Jobs\SendThht
[2021-01-18 21:39:28][1098] Processed:  App\Jobs\SendThht
[2021-01-18 21:39:31][1099] Processing: App\Jobs\SendThht
[2021-01-18 21:39:33][1099] Processed:  App\Jobs\SendThht
[2021-01-18 21:39:54][1100] Processing: App\Jobs\SendThht
[2021-01-18 21:39:56][1100] Processed:  App\Jobs\SendThht
[2021-01-18 21:40:11][1101] Processing: App\Jobs\SendThht
[2021-01-18 21:40:12][1101] Processed:  App\Jobs\SendThht
[2021-01-18 21:40:15][1102] Processing: App\Jobs\SendThht
[2021-01-18 21:40:16][1102] Processed:  App\Jobs\SendThht
[2021-01-18 21:40:19][1103] Processing: App\Jobs\SendThht
[2021-01-18 21:40:21][1103] Processed:  App\Jobs\SendThht
[2021-01-18 21:41:09][1104] Processing: App\Jobs\SendThht
[2021-01-18 21:41:10][1104] Processed:  App\Jobs\SendThht
[2021-01-18 21:41:10][1105] Processing: App\Jobs\SendThht
[2021-01-18 21:41:12][1105] Processed:  App\Jobs\SendThht
[2021-01-18 21:41:15][1106] Processing: App\Jobs\SendThht
[2021-01-18 21:41:17][1106] Processed:  App\Jobs\SendThht
[2021-01-18 21:41:17][1107] Processing: App\Jobs\SendThht
[2021-01-18 21:41:18][1107] Processed:  App\Jobs\SendThht
[2021-01-18 21:41:21][1108] Processing: App\Jobs\SendThht
[2021-01-18 21:41:23][1108] Processed:  App\Jobs\SendThht
[2021-01-18 21:41:26][1109] Processing: App\Jobs\SendThht
[2021-01-18 21:41:27][1109] Processed:  App\Jobs\SendThht
[2021-01-18 21:41:45][1110] Processing: App\Jobs\SendThht
[2021-01-18 21:41:47][1110] Processed:  App\Jobs\SendThht
[2021-01-18 21:41:47][1111] Processing: App\Jobs\SendThht
[2021-01-18 21:41:48][1111] Processed:  App\Jobs\SendThht
[2021-01-18 21:41:51][1112] Processing: App\Jobs\SendThht
[2021-01-18 21:41:52][1112] Processed:  App\Jobs\SendThht
[2021-01-18 21:41:55][1113] Processing: App\Jobs\SendThht
[2021-01-18 21:41:57][1113] Processed:  App\Jobs\SendThht
[2021-01-18 21:49:39][1114] Processing: App\Jobs\SendThht
[2021-01-18 21:49:41][1114] Processed:  App\Jobs\SendThht
[2021-01-18 21:49:41][1115] Processing: App\Jobs\SendThht
[2021-01-18 21:49:42][1115] Processed:  App\Jobs\SendThht
[2021-01-18 21:49:45][1116] Processing: App\Jobs\SendThht
[2021-01-18 21:49:47][1116] Processed:  App\Jobs\SendThht
[2021-01-18 21:49:47][1117] Processing: App\Jobs\SendThht
[2021-01-18 21:49:48][1117] Processed:  App\Jobs\SendThht
[2021-01-18 21:49:51][1118] Processing: App\Jobs\SendThht
[2021-01-18 21:49:52][1118] Processed:  App\Jobs\SendThht
[2021-01-18 21:49:52][1119] Processing: App\Jobs\SendThht
[2021-01-18 21:49:54][1119] Processed:  App\Jobs\SendThht
[2021-01-18 21:49:57][1120] Processing: App\Jobs\SendThht
[2021-01-18 21:49:58][1120] Processed:  App\Jobs\SendThht
[2021-01-18 21:50:04][1121] Processing: App\Jobs\SendThht
[2021-01-18 21:50:06][1121] Processed:  App\Jobs\SendThht
[2021-01-18 21:50:15][1122] Processing: App\Jobs\SendThht
[2021-01-18 21:50:16][1122] Processed:  App\Jobs\SendThht
[2021-01-18 21:50:16][1123] Processing: App\Jobs\SendThht
[2021-01-18 21:50:17][1123] Processed:  App\Jobs\SendThht
[2021-01-18 21:50:20][1124] Processing: App\Jobs\SendThht
[2021-01-18 21:50:24][1124] Processed:  App\Jobs\SendThht
[2021-01-18 21:50:30][1125] Processing: App\Jobs\SendThht
[2021-01-18 21:50:32][1125] Processed:  App\Jobs\SendThht
[2021-01-18 21:50:38][1126] Processing: App\Jobs\SendThht
[2021-01-18 21:50:39][1126] Processed:  App\Jobs\SendThht
[2021-01-18 21:50:39][1127] Processing: App\Jobs\SendThht
[2021-01-18 21:50:41][1127] Processed:  App\Jobs\SendThht
[2021-01-18 21:50:41][1128] Processing: App\Jobs\SendThht
[2021-01-18 21:50:42][1128] Processed:  App\Jobs\SendThht
[2021-01-19 00:31:10][1129] Processing: App\Jobs\SendThht
[2021-01-19 00:31:12][1129] Processed:  App\Jobs\SendThht
[2021-01-19 00:31:12][1130] Processing: App\Jobs\SendThht
[2021-01-19 00:31:14][1130] Processed:  App\Jobs\SendThht
[2021-01-19 00:31:17][1131] Processing: App\Jobs\SendThht
[2021-01-19 00:31:18][1131] Processed:  App\Jobs\SendThht
[2021-01-19 00:31:21][1132] Processing: App\Jobs\SendThht
[2021-01-19 00:31:23][1132] Processed:  App\Jobs\SendThht
[2021-01-19 00:31:26][1133] Processing: App\Jobs\SendThht
[2021-01-19 00:31:27][1133] Processed:  App\Jobs\SendThht
[2021-01-19 00:31:27][1134] Processing: App\Jobs\SendThht
[2021-01-19 00:31:29][1134] Processed:  App\Jobs\SendThht
[2021-01-19 00:31:32][1135] Processing: App\Jobs\SendThht
[2021-01-19 00:31:34][1135] Processed:  App\Jobs\SendThht
[2021-01-19 00:31:37][1136] Processing: App\Jobs\SendThht
[2021-01-19 00:31:38][1136] Processed:  App\Jobs\SendThht
[2021-01-19 00:31:38][1137] Processing: App\Jobs\SendThht
[2021-01-19 00:31:40][1137] Processed:  App\Jobs\SendThht
[2021-01-19 00:31:43][1138] Processing: App\Jobs\SendThht
[2021-01-19 00:31:45][1138] Processed:  App\Jobs\SendThht
[2021-01-19 00:31:48][1139] Processing: App\Jobs\SendThht
[2021-01-19 00:31:50][1139] Processed:  App\Jobs\SendThht
[2021-01-19 00:31:50][1140] Processing: App\Jobs\SendThht
[2021-01-19 00:31:52][1140] Processed:  App\Jobs\SendThht
[2021-01-19 00:31:55][1141] Processing: App\Jobs\SendThht
[2021-01-19 00:31:56][1141] Processed:  App\Jobs\SendThht
[2021-01-19 00:31:56][1142] Processing: App\Jobs\SendThht
[2021-01-19 00:31:58][1142] Processed:  App\Jobs\SendThht
[2021-01-19 00:32:01][1143] Processing: App\Jobs\SendThht
[2021-01-19 00:32:02][1143] Processed:  App\Jobs\SendThht
[2021-01-19 00:32:05][1144] Processing: App\Jobs\SendThht
[2021-01-19 00:32:07][1144] Processed:  App\Jobs\SendThht
[2021-01-19 00:32:10][1145] Processing: App\Jobs\SendThht
[2021-01-19 00:32:11][1145] Processed:  App\Jobs\SendThht
[2021-01-19 00:32:11][1146] Processing: App\Jobs\SendThht
[2021-01-19 00:32:12][1146] Processed:  App\Jobs\SendThht
[2021-01-19 00:32:15][1147] Processing: App\Jobs\SendThht
[2021-01-19 00:32:17][1147] Processed:  App\Jobs\SendThht
[2021-01-19 00:32:20][1148] Processing: App\Jobs\SendThht
[2021-01-19 00:32:21][1148] Processed:  App\Jobs\SendThht
[2021-01-19 00:32:24][1149] Processing: App\Jobs\SendThht
[2021-01-19 00:32:25][1149] Processed:  App\Jobs\SendThht
[2021-01-19 00:32:28][1150] Processing: App\Jobs\SendThht
[2021-01-19 00:32:30][1150] Processed:  App\Jobs\SendThht
[2021-01-19 00:32:33][1151] Processing: App\Jobs\SendThht
[2021-01-19 00:32:35][1151] Processed:  App\Jobs\SendThht
[2021-01-19 00:32:38][1152] Processing: App\Jobs\SendThht
[2021-01-19 00:32:42][1152] Processed:  App\Jobs\SendThht
[2021-01-19 00:32:42][1153] Processing: App\Jobs\SendThht
[2021-01-19 00:32:44][1153] Processed:  App\Jobs\SendThht
[2021-01-19 00:32:44][1154] Processing: App\Jobs\SendThht
[2021-01-19 00:32:46][1154] Processed:  App\Jobs\SendThht
[2021-01-19 00:32:52][1155] Processing: App\Jobs\SendThht
[2021-01-19 00:32:52][1155] Failed:     App\Jobs\SendThht
[2021-01-19 00:51:19][1156] Processing: App\Jobs\SendThht
[2021-01-19 00:51:21][1156] Processed:  App\Jobs\SendThht
[2021-01-19 00:51:51][1157] Processing: App\Jobs\SendThht
[2021-01-19 00:51:52][1157] Processed:  App\Jobs\SendThht
[2021-01-19 00:51:55][1158] Processing: App\Jobs\SendThht
[2021-01-19 00:51:56][1158] Processed:  App\Jobs\SendThht
[2021-01-19 00:51:59][1159] Processing: App\Jobs\SendThht
[2021-01-19 00:52:00][1159] Processed:  App\Jobs\SendThht
[2021-01-19 00:52:03][1160] Processing: App\Jobs\SendThht
[2021-01-19 00:52:05][1160] Processed:  App\Jobs\SendThht
[2021-01-19 00:52:08][1161] Processing: App\Jobs\SendThht
[2021-01-19 00:52:09][1161] Processed:  App\Jobs\SendThht
[2021-01-19 00:52:12][1162] Processing: App\Jobs\SendThht
[2021-01-19 00:52:14][1162] Processed:  App\Jobs\SendThht
[2021-01-19 00:52:14][1163] Processing: App\Jobs\SendThht
[2021-01-19 00:52:16][1163] Processed:  App\Jobs\SendThht
[2021-01-19 00:52:19][1164] Processing: App\Jobs\SendThht
[2021-01-19 00:52:21][1164] Processed:  App\Jobs\SendThht
[2021-01-19 00:52:24][1165] Processing: App\Jobs\SendThht
[2021-01-19 00:52:25][1165] Processed:  App\Jobs\SendThht
[2021-01-19 00:52:25][1166] Processing: App\Jobs\SendThht
[2021-01-19 00:52:27][1166] Processed:  App\Jobs\SendThht
[2021-01-19 00:52:30][1167] Processing: App\Jobs\SendThht
[2021-01-19 00:52:32][1167] Processed:  App\Jobs\SendThht
[2021-01-19 00:52:32][1168] Processing: App\Jobs\SendThht
[2021-01-19 00:52:33][1168] Processed:  App\Jobs\SendThht
[2021-01-19 14:45:57][1169] Processing: App\Jobs\SendThht
[2021-01-19 14:45:59][1169] Processed:  App\Jobs\SendThht
[2021-01-19 14:49:05][1170] Processing: App\Jobs\SendThht
[2021-01-19 14:49:08][1170] Processed:  App\Jobs\SendThht
[2021-01-19 14:50:02][1171] Processing: App\Jobs\SendThht
[2021-01-19 14:50:04][1171] Processed:  App\Jobs\SendThht
[2021-01-19 14:50:07][1172] Processing: App\Jobs\SendThht
[2021-01-19 14:50:08][1172] Processed:  App\Jobs\SendThht
[2021-01-19 14:50:08][1173] Processing: App\Jobs\SendThht
[2021-01-19 14:50:10][1173] Processed:  App\Jobs\SendThht
[2021-01-19 14:50:10][1174] Processing: App\Jobs\SendThht
[2021-01-19 14:50:12][1174] Processed:  App\Jobs\SendThht
[2021-01-19 14:50:15][1175] Processing: App\Jobs\SendThht
[2021-01-19 14:50:17][1175] Processed:  App\Jobs\SendThht
[2021-01-19 14:50:17][1176] Processing: App\Jobs\SendThht
[2021-01-19 14:50:18][1176] Processed:  App\Jobs\SendThht
[2021-01-19 14:50:18][1177] Processing: App\Jobs\SendThht
[2021-01-19 14:50:20][1177] Processed:  App\Jobs\SendThht
[2021-01-19 14:50:23][1178] Processing: App\Jobs\SendThht
[2021-01-19 14:50:25][1178] Processed:  App\Jobs\SendThht
[2021-01-19 14:50:25][1179] Processing: App\Jobs\SendThht
[2021-01-19 14:50:26][1179] Processed:  App\Jobs\SendThht
[2021-01-19 14:50:26][1180] Processing: App\Jobs\SendThht
[2021-01-19 14:50:28][1180] Processed:  App\Jobs\SendThht
[2021-01-19 14:50:31][1181] Processing: App\Jobs\SendThht
[2021-01-19 14:50:33][1181] Processed:  App\Jobs\SendThht
[2021-01-19 14:50:33][1182] Processing: App\Jobs\SendThht
[2021-01-19 14:50:35][1182] Processed:  App\Jobs\SendThht
[2021-01-19 14:50:35][1183] Processing: App\Jobs\SendThht
[2021-01-19 14:50:36][1183] Processed:  App\Jobs\SendThht
[2021-01-19 14:50:39][1184] Processing: App\Jobs\SendThht
[2021-01-19 14:50:41][1184] Processed:  App\Jobs\SendThht
[2021-01-19 14:50:41][1185] Processing: App\Jobs\SendThht
[2021-01-19 14:50:42][1185] Processed:  App\Jobs\SendThht
[2021-01-19 14:50:42][1186] Processing: App\Jobs\SendThht
[2021-01-19 14:50:43][1186] Processed:  App\Jobs\SendThht
[2021-01-19 14:50:46][1187] Processing: App\Jobs\SendThht
[2021-01-19 14:50:48][1187] Processed:  App\Jobs\SendThht
[2021-01-19 14:50:48][1188] Processing: App\Jobs\SendThht
[2021-01-19 14:50:51][1188] Processed:  App\Jobs\SendThht
[2021-01-19 14:50:51][1189] Processing: App\Jobs\SendThht
[2021-01-19 14:50:53][1189] Processed:  App\Jobs\SendThht
[2021-01-19 14:50:53][1190] Processing: App\Jobs\SendThht
[2021-01-19 14:50:54][1190] Processed:  App\Jobs\SendThht
[2021-01-19 14:50:54][1191] Processing: App\Jobs\SendThht
[2021-01-19 14:50:56][1191] Processed:  App\Jobs\SendThht
[2021-01-19 14:50:59][1192] Processing: App\Jobs\SendThht
[2021-01-19 14:51:00][1192] Processed:  App\Jobs\SendThht
[2021-01-19 14:51:00][1193] Processing: App\Jobs\SendThht
[2021-01-19 14:51:03][1193] Processed:  App\Jobs\SendThht
[2021-01-19 14:51:06][1194] Processing: App\Jobs\SendThht
[2021-01-19 14:51:08][1194] Processed:  App\Jobs\SendThht
[2021-01-19 14:51:08][1195] Processing: App\Jobs\SendThht
[2021-01-19 14:51:10][1195] Processed:  App\Jobs\SendThht
[2021-01-19 14:51:10][1196] Processing: App\Jobs\SendThht
[2021-01-19 14:51:12][1196] Processed:  App\Jobs\SendThht
[2021-01-19 14:53:03][1197] Processing: App\Jobs\SendThht
[2021-01-19 14:53:04][1197] Processed:  App\Jobs\SendThht
[2021-01-19 14:55:46][1198] Processing: App\Jobs\SendThht
[2021-01-19 14:55:48][1198] Processed:  App\Jobs\SendThht
[2021-01-19 14:56:03][1199] Processing: App\Jobs\SendThht
[2021-01-19 14:56:05][1199] Processed:  App\Jobs\SendThht
[2021-01-19 14:56:05][1200] Processing: App\Jobs\SendThht
[2021-01-19 14:56:07][1200] Processed:  App\Jobs\SendThht
[2021-01-19 14:56:10][1201] Processing: App\Jobs\SendThht
[2021-01-19 14:56:11][1201] Processed:  App\Jobs\SendThht
[2021-01-19 14:56:11][1202] Processing: App\Jobs\SendThht
[2021-01-19 14:56:13][1202] Processed:  App\Jobs\SendThht
[2021-01-19 14:56:13][1203] Processing: App\Jobs\SendThht
[2021-01-19 14:56:15][1203] Processed:  App\Jobs\SendThht
[2021-01-19 14:56:18][1204] Processing: App\Jobs\SendThht
[2021-01-19 14:56:19][1204] Processed:  App\Jobs\SendThht
[2021-01-19 14:56:22][1205] Processing: App\Jobs\SendThht
[2021-01-19 14:56:24][1205] Processed:  App\Jobs\SendThht
[2021-01-19 14:56:24][1206] Processing: App\Jobs\SendThht
[2021-01-19 14:56:25][1206] Processed:  App\Jobs\SendThht
[2021-01-19 14:56:28][1207] Processing: App\Jobs\SendThht
[2021-01-19 14:56:30][1207] Processed:  App\Jobs\SendThht
[2021-01-19 14:56:30][1208] Processing: App\Jobs\SendThht
[2021-01-19 14:56:31][1208] Processed:  App\Jobs\SendThht
[2021-01-19 14:56:31][1209] Processing: App\Jobs\SendThht
[2021-01-19 14:56:32][1209] Processed:  App\Jobs\SendThht
[2021-01-19 14:56:35][1210] Processing: App\Jobs\SendThht
[2021-01-19 14:56:37][1210] Processed:  App\Jobs\SendThht
[2021-01-19 14:56:37][1211] Processing: App\Jobs\SendThht
[2021-01-19 14:56:38][1211] Processed:  App\Jobs\SendThht
[2021-01-19 14:56:41][1212] Processing: App\Jobs\SendThht
[2021-01-19 14:56:43][1212] Processed:  App\Jobs\SendThht
[2021-01-19 14:56:43][1213] Processing: App\Jobs\SendThht
[2021-01-19 14:56:44][1213] Processed:  App\Jobs\SendThht
[2021-01-19 14:56:44][1214] Processing: App\Jobs\SendThht
[2021-01-19 14:56:46][1214] Processed:  App\Jobs\SendThht
[2021-01-19 14:56:46][1215] Processing: App\Jobs\SendThht
[2021-01-19 14:56:47][1215] Processed:  App\Jobs\SendThht
[2021-01-19 14:56:50][1216] Processing: App\Jobs\SendThht
[2021-01-19 14:56:51][1216] Processed:  App\Jobs\SendThht
[2021-01-19 14:56:51][1217] Processing: App\Jobs\SendThht
[2021-01-19 14:56:52][1217] Processed:  App\Jobs\SendThht
[2021-01-19 14:56:56][1218] Processing: App\Jobs\SendThht
[2021-01-19 14:56:57][1218] Processed:  App\Jobs\SendThht
[2021-01-19 14:56:57][1219] Processing: App\Jobs\SendThht
[2021-01-19 14:56:59][1219] Processed:  App\Jobs\SendThht
[2021-01-19 14:56:59][1220] Processing: App\Jobs\SendThht
[2021-01-19 14:57:00][1220] Processed:  App\Jobs\SendThht
[2021-01-19 14:57:00][1221] Processing: App\Jobs\SendThht
[2021-01-19 14:57:02][1221] Processed:  App\Jobs\SendThht
[2021-01-19 14:57:05][1222] Processing: App\Jobs\SendThht
[2021-01-19 14:57:07][1222] Processed:  App\Jobs\SendThht
[2021-01-19 15:10:49][1223] Processing: App\Jobs\SendThht
[2021-01-19 15:10:51][1223] Processed:  App\Jobs\SendThht
[2021-01-19 15:10:54][1224] Processing: App\Jobs\SendThht
[2021-01-19 15:10:55][1224] Processed:  App\Jobs\SendThht
[2021-01-19 15:11:52][1225] Processing: App\Jobs\SendThht
[2021-01-19 15:11:54][1225] Processed:  App\Jobs\SendThht
[2021-01-19 15:11:54][1226] Processing: App\Jobs\SendThht
[2021-01-19 15:11:55][1226] Processed:  App\Jobs\SendThht
[2021-01-19 15:11:55][1227] Processing: App\Jobs\SendThht
[2021-01-19 15:11:57][1227] Processed:  App\Jobs\SendThht
[2021-01-19 15:12:00][1228] Processing: App\Jobs\SendThht
[2021-01-19 15:12:02][1228] Processed:  App\Jobs\SendThht
[2021-01-19 15:12:02][1229] Processing: App\Jobs\SendThht
[2021-01-19 15:12:04][1229] Processed:  App\Jobs\SendThht
[2021-01-19 15:12:04][1230] Processing: App\Jobs\SendThht
[2021-01-19 15:12:06][1230] Processed:  App\Jobs\SendThht
[2021-01-19 15:12:06][1231] Processing: App\Jobs\SendThht
[2021-01-19 15:12:07][1231] Processed:  App\Jobs\SendThht
[2021-01-19 15:12:10][1232] Processing: App\Jobs\SendThht
[2021-01-19 15:12:12][1232] Processed:  App\Jobs\SendThht
[2021-01-19 15:12:12][1233] Processing: App\Jobs\SendThht
[2021-01-19 15:12:13][1233] Processed:  App\Jobs\SendThht
[2021-01-19 15:12:13][1234] Processing: App\Jobs\SendThht
[2021-01-19 15:12:15][1234] Processed:  App\Jobs\SendThht
[2021-01-19 15:12:18][1235] Processing: App\Jobs\SendThht
[2021-01-19 15:12:19][1235] Processed:  App\Jobs\SendThht
[2021-01-19 15:12:25][1236] Processing: App\Jobs\SendThht
[2021-01-19 15:12:26][1236] Processed:  App\Jobs\SendThht
[2021-01-19 15:12:29][1237] Processing: App\Jobs\SendThht
[2021-01-19 15:12:31][1237] Processed:  App\Jobs\SendThht
[2021-01-19 15:12:31][1238] Processing: App\Jobs\SendThht
[2021-01-19 15:12:32][1238] Processed:  App\Jobs\SendThht
[2021-01-19 15:39:36][1239] Processing: App\Jobs\SendThht
[2021-01-19 15:39:37][1239] Processed:  App\Jobs\SendThht
[2021-01-19 15:39:43][1240] Processing: App\Jobs\SendThht
[2021-01-19 15:39:45][1240] Processed:  App\Jobs\SendThht
